[2024-08-01T20:55:55.685+0000] {local_task_job_runner.py:120} INFO - ::group::Pre task execution logs
[2024-08-01T20:55:55.732+0000] {taskinstance.py:2076} INFO - Dependencies all met for dep_context=non-requeueable deps ti=<TaskInstance: fill_tables_on_rd.Truncate_product manual__2024-08-01T20:55:48.000844+00:00 [queued]>
[2024-08-01T20:55:55.748+0000] {taskinstance.py:2076} INFO - Dependencies all met for dep_context=requeueable deps ti=<TaskInstance: fill_tables_on_rd.Truncate_product manual__2024-08-01T20:55:48.000844+00:00 [queued]>
[2024-08-01T20:55:55.749+0000] {taskinstance.py:2306} INFO - Starting attempt 1 of 2
[2024-08-01T20:55:55.769+0000] {taskinstance.py:2330} INFO - Executing <Task(PythonOperator): Truncate_product> on 2024-08-01 20:55:48.000844+00:00
[2024-08-01T20:55:55.780+0000] {standard_task_runner.py:90} INFO - Running: ['***', 'tasks', 'run', 'fill_tables_on_rd', 'Truncate_product', 'manual__2024-08-01T20:55:48.000844+00:00', '--job-id', '754', '--raw', '--subdir', 'DAGS_FOLDER/fill_tables.py', '--cfg-path', '/tmp/tmprgwftl8v']
[2024-08-01T20:55:55.786+0000] {logging_mixin.py:188} WARNING - /home/***/.local/lib/python3.12/site-packages/***/task/task_runner/standard_task_runner.py:61 DeprecationWarning: This process (pid=4546) is multi-threaded, use of fork() may lead to deadlocks in the child.
[2024-08-01T20:55:55.786+0000] {standard_task_runner.py:91} INFO - Job 754: Subtask Truncate_product
[2024-08-01T20:55:55.787+0000] {standard_task_runner.py:63} INFO - Started process 4548 to run task
[2024-08-01T20:55:55.889+0000] {task_command.py:426} INFO - Running <TaskInstance: fill_tables_on_rd.Truncate_product manual__2024-08-01T20:55:48.000844+00:00 [running]> on host 2634975b7554
[2024-08-01T20:55:56.071+0000] {taskinstance.py:2648} INFO - Exporting env vars: AIRFLOW_CTX_DAG_OWNER='***' AIRFLOW_CTX_DAG_ID='fill_tables_on_rd' AIRFLOW_CTX_TASK_ID='Truncate_product' AIRFLOW_CTX_EXECUTION_DATE='2024-08-01T20:55:48.000844+00:00' AIRFLOW_CTX_TRY_NUMBER='1' AIRFLOW_CTX_DAG_RUN_ID='manual__2024-08-01T20:55:48.000844+00:00'
[2024-08-01T20:55:56.075+0000] {taskinstance.py:430} INFO - ::endgroup::
[2024-08-01T20:55:56.131+0000] {base.py:84} INFO - Using connection ID 'postgres_default2' for task execution.
[2024-08-01T20:55:56.148+0000] {python.py:237} INFO - Done. Returned value was: None
[2024-08-01T20:55:56.149+0000] {taskinstance.py:441} INFO - ::group::Post task execution logs
[2024-08-01T20:55:56.162+0000] {taskinstance.py:1206} INFO - Marking task as SUCCESS. dag_id=fill_tables_on_rd, task_id=Truncate_product, run_id=manual__2024-08-01T20:55:48.000844+00:00, execution_date=20240801T205548, start_date=20240801T205555, end_date=20240801T205556
[2024-08-01T20:55:56.206+0000] {local_task_job_runner.py:240} INFO - Task exited with return code 0
[2024-08-01T20:55:56.223+0000] {logging_mixin.py:188} WARNING - /home/***/.local/lib/python3.12/site-packages/***/models/baseoperator.py:1297 AirflowProviderDeprecationWarning: Call to deprecated class PostgresOperator. (Please use `***.providers.common.sql.operators.sql.SQLExecuteQueryOperator`.Also, you can provide `hook_params={'schema': <database>}`.)
[2024-08-01T20:55:56.251+0000] {taskinstance.py:3503} INFO - 1 downstream tasks scheduled from follow-on schedule check
[2024-08-01T20:55:56.257+0000] {local_task_job_runner.py:222} INFO - ::endgroup::
