[2024-08-04T19:25:26.914+0000] {local_task_job_runner.py:120} INFO - ::group::Pre task execution logs
[2024-08-04T19:25:27.024+0000] {taskinstance.py:2076} INFO - Dependencies all met for dep_context=non-requeueable deps ti=<TaskInstance: refresh_loan_holiday.fill_loan_holiday_info manual__2024-08-04T19:24:48.063538+00:00 [queued]>
[2024-08-04T19:25:27.040+0000] {taskinstance.py:2076} INFO - Dependencies all met for dep_context=requeueable deps ti=<TaskInstance: refresh_loan_holiday.fill_loan_holiday_info manual__2024-08-04T19:24:48.063538+00:00 [queued]>
[2024-08-04T19:25:27.041+0000] {taskinstance.py:2306} INFO - Starting attempt 1 of 2
[2024-08-04T19:25:27.069+0000] {taskinstance.py:2330} INFO - Executing <Task(PostgresOperator): fill_loan_holiday_info> on 2024-08-04 19:24:48.063538+00:00
[2024-08-04T19:25:27.085+0000] {standard_task_runner.py:90} INFO - Running: ['***', 'tasks', 'run', 'refresh_loan_holiday', 'fill_loan_holiday_info', 'manual__2024-08-04T19:24:48.063538+00:00', '--job-id', '803', '--raw', '--subdir', 'DAGS_FOLDER/fill_tables.py', '--cfg-path', '/tmp/tmprfhkhs7b']
[2024-08-04T19:25:27.088+0000] {standard_task_runner.py:91} INFO - Job 803: Subtask fill_loan_holiday_info
[2024-08-04T19:25:27.090+0000] {logging_mixin.py:188} WARNING - /home/***/.local/lib/python3.12/site-packages/***/task/task_runner/standard_task_runner.py:61 DeprecationWarning: This process (pid=823) is multi-threaded, use of fork() may lead to deadlocks in the child.
[2024-08-04T19:25:27.091+0000] {standard_task_runner.py:63} INFO - Started process 830 to run task
[2024-08-04T19:25:27.137+0000] {task_command.py:426} INFO - Running <TaskInstance: refresh_loan_holiday.fill_loan_holiday_info manual__2024-08-04T19:24:48.063538+00:00 [running]> on host 2634975b7554
[2024-08-04T19:25:27.263+0000] {taskinstance.py:2648} INFO - Exporting env vars: AIRFLOW_CTX_DAG_OWNER='***' AIRFLOW_CTX_DAG_ID='refresh_loan_holiday' AIRFLOW_CTX_TASK_ID='fill_loan_holiday_info' AIRFLOW_CTX_EXECUTION_DATE='2024-08-04T19:24:48.063538+00:00' AIRFLOW_CTX_TRY_NUMBER='1' AIRFLOW_CTX_DAG_RUN_ID='manual__2024-08-04T19:24:48.063538+00:00'
[2024-08-04T19:25:27.264+0000] {taskinstance.py:430} INFO - ::endgroup::
[2024-08-04T19:25:27.299+0000] {sql.py:276} INFO - Executing: 
    call dm.refresh_loan_holiday_info();
    
[2024-08-04T19:25:27.320+0000] {base.py:84} INFO - Using connection ID 'postgres_default2' for task execution.
[2024-08-04T19:25:27.346+0000] {base.py:84} INFO - Using connection ID 'postgres_default2' for task execution.
[2024-08-04T19:25:27.358+0000] {sql.py:487} INFO - Running statement: 
    call dm.refresh_loan_holiday_info();
    , parameters: None
[2024-08-04T19:25:27.740+0000] {taskinstance.py:441} INFO - ::group::Post task execution logs
[2024-08-04T19:25:27.759+0000] {taskinstance.py:1206} INFO - Marking task as SUCCESS. dag_id=refresh_loan_holiday, task_id=fill_loan_holiday_info, run_id=manual__2024-08-04T19:24:48.063538+00:00, execution_date=20240804T192448, start_date=20240804T192527, end_date=20240804T192527
[2024-08-04T19:25:27.801+0000] {local_task_job_runner.py:240} INFO - Task exited with return code 0
[2024-08-04T19:25:27.813+0000] {logging_mixin.py:188} WARNING - /home/***/.local/lib/python3.12/site-packages/***/models/baseoperator.py:1297 AirflowProviderDeprecationWarning: Call to deprecated class PostgresOperator. (Please use `***.providers.common.sql.operators.sql.SQLExecuteQueryOperator`.Also, you can provide `hook_params={'schema': <database>}`.)
[2024-08-04T19:25:27.826+0000] {taskinstance.py:3503} INFO - 1 downstream tasks scheduled from follow-on schedule check
[2024-08-04T19:25:27.829+0000] {local_task_job_runner.py:222} INFO - ::endgroup::
