[2024-08-01T20:52:41.026+0000] {local_task_job_runner.py:120} INFO - ::group::Pre task execution logs
[2024-08-01T20:52:41.159+0000] {taskinstance.py:2076} INFO - Dependencies all met for dep_context=non-requeueable deps ti=<TaskInstance: fill_tables_on_rd.Start manual__2024-08-01T20:52:36.232608+00:00 [queued]>
[2024-08-01T20:52:41.187+0000] {taskinstance.py:2076} INFO - Dependencies all met for dep_context=requeueable deps ti=<TaskInstance: fill_tables_on_rd.Start manual__2024-08-01T20:52:36.232608+00:00 [queued]>
[2024-08-01T20:52:41.189+0000] {taskinstance.py:2306} INFO - Starting attempt 1 of 2
[2024-08-01T20:52:41.230+0000] {taskinstance.py:2330} INFO - Executing <Task(PythonOperator): Start> on 2024-08-01 20:52:36.232608+00:00
[2024-08-01T20:52:41.254+0000] {standard_task_runner.py:90} INFO - Running: ['***', 'tasks', 'run', 'fill_tables_on_rd', 'Start', 'manual__2024-08-01T20:52:36.232608+00:00', '--job-id', '744', '--raw', '--subdir', 'DAGS_FOLDER/fill_tables.py', '--cfg-path', '/tmp/tmpy851ymb0']
[2024-08-01T20:52:41.259+0000] {standard_task_runner.py:91} INFO - Job 744: Subtask Start
[2024-08-01T20:52:41.267+0000] {logging_mixin.py:188} WARNING - /home/***/.local/lib/python3.12/site-packages/***/task/task_runner/standard_task_runner.py:61 DeprecationWarning: This process (pid=3829) is multi-threaded, use of fork() may lead to deadlocks in the child.
[2024-08-01T20:52:41.268+0000] {standard_task_runner.py:63} INFO - Started process 3831 to run task
[2024-08-01T20:52:41.350+0000] {task_command.py:426} INFO - Running <TaskInstance: fill_tables_on_rd.Start manual__2024-08-01T20:52:36.232608+00:00 [running]> on host 2634975b7554
[2024-08-01T20:52:41.527+0000] {taskinstance.py:2648} INFO - Exporting env vars: AIRFLOW_CTX_DAG_OWNER='***' AIRFLOW_CTX_DAG_ID='fill_tables_on_rd' AIRFLOW_CTX_TASK_ID='Start' AIRFLOW_CTX_EXECUTION_DATE='2024-08-01T20:52:36.232608+00:00' AIRFLOW_CTX_TRY_NUMBER='1' AIRFLOW_CTX_DAG_RUN_ID='manual__2024-08-01T20:52:36.232608+00:00'
[2024-08-01T20:52:41.529+0000] {taskinstance.py:430} INFO - ::endgroup::
[2024-08-01T20:52:41.603+0000] {base.py:84} INFO - Using connection ID 'postgres_default2' for task execution.
[2024-08-01T20:52:46.649+0000] {python.py:237} INFO - Done. Returned value was: None
[2024-08-01T20:52:46.650+0000] {taskinstance.py:441} INFO - ::group::Post task execution logs
[2024-08-01T20:52:46.676+0000] {taskinstance.py:1206} INFO - Marking task as SUCCESS. dag_id=fill_tables_on_rd, task_id=Start, run_id=manual__2024-08-01T20:52:36.232608+00:00, execution_date=20240801T205236, start_date=20240801T205241, end_date=20240801T205246
[2024-08-01T20:52:46.716+0000] {local_task_job_runner.py:240} INFO - Task exited with return code 0
[2024-08-01T20:52:46.737+0000] {logging_mixin.py:188} WARNING - /home/***/.local/lib/python3.12/site-packages/***/models/baseoperator.py:1297 AirflowProviderDeprecationWarning: Call to deprecated class PostgresOperator. (Please use `***.providers.common.sql.operators.sql.SQLExecuteQueryOperator`.Also, you can provide `hook_params={'schema': <database>}`.)
[2024-08-01T20:52:46.774+0000] {taskinstance.py:3503} INFO - 2 downstream tasks scheduled from follow-on schedule check
[2024-08-01T20:52:46.779+0000] {local_task_job_runner.py:222} INFO - ::endgroup::
