[2024-08-03T12:39:29.149+0000] {local_task_job_runner.py:120} INFO - ::group::Pre task execution logs
[2024-08-03T12:39:29.205+0000] {taskinstance.py:2076} INFO - Dependencies all met for dep_context=non-requeueable deps ti=<TaskInstance: fill_tables_on_rd.Fill_deal_info scheduled__2024-08-02T00:00:00+00:00 [queued]>
[2024-08-03T12:39:29.216+0000] {taskinstance.py:2076} INFO - Dependencies all met for dep_context=requeueable deps ti=<TaskInstance: fill_tables_on_rd.Fill_deal_info scheduled__2024-08-02T00:00:00+00:00 [queued]>
[2024-08-03T12:39:29.217+0000] {taskinstance.py:2306} INFO - Starting attempt 1 of 2
[2024-08-03T12:39:29.242+0000] {taskinstance.py:2330} INFO - Executing <Task(PythonOperator): Fill_deal_info> on 2024-08-02 00:00:00+00:00
[2024-08-03T12:39:29.258+0000] {logging_mixin.py:188} WARNING - /home/***/.local/lib/python3.12/site-packages/***/task/task_runner/standard_task_runner.py:61 DeprecationWarning: This process (pid=342) is multi-threaded, use of fork() may lead to deadlocks in the child.
[2024-08-03T12:39:29.254+0000] {standard_task_runner.py:90} INFO - Running: ['***', 'tasks', 'run', 'fill_tables_on_rd', 'Fill_deal_info', 'scheduled__2024-08-02T00:00:00+00:00', '--job-id', '769', '--raw', '--subdir', 'DAGS_FOLDER/fill_tables.py', '--cfg-path', '/tmp/tmp191zsw2y']
[2024-08-03T12:39:29.259+0000] {standard_task_runner.py:63} INFO - Started process 374 to run task
[2024-08-03T12:39:29.260+0000] {standard_task_runner.py:91} INFO - Job 769: Subtask Fill_deal_info
[2024-08-03T12:39:29.677+0000] {task_command.py:426} INFO - Running <TaskInstance: fill_tables_on_rd.Fill_deal_info scheduled__2024-08-02T00:00:00+00:00 [running]> on host 2634975b7554
[2024-08-03T12:39:30.907+0000] {taskinstance.py:2648} INFO - Exporting env vars: AIRFLOW_CTX_DAG_OWNER='***' AIRFLOW_CTX_DAG_ID='fill_tables_on_rd' AIRFLOW_CTX_TASK_ID='Fill_deal_info' AIRFLOW_CTX_EXECUTION_DATE='2024-08-02T00:00:00+00:00' AIRFLOW_CTX_TRY_NUMBER='1' AIRFLOW_CTX_DAG_RUN_ID='scheduled__2024-08-02T00:00:00+00:00'
[2024-08-03T12:39:30.932+0000] {taskinstance.py:430} INFO - ::endgroup::
[2024-08-03T12:39:47.131+0000] {local_task_job_runner.py:124} ERROR - Received SIGTERM. Terminating subprocesses
[2024-08-03T12:39:47.302+0000] {process_utils.py:132} INFO - Sending 15 to group 374. PIDs of all processes in the group: [402, 374]
[2024-08-03T12:39:47.310+0000] {process_utils.py:87} INFO - Sending the signal 15 to group 374
[2024-08-03T12:39:47.329+0000] {taskinstance.py:2611} ERROR - Received SIGTERM. Terminating subprocesses.
[2024-08-03T12:39:47.362+0000] {taskinstance.py:441} INFO - ::group::Post task execution logs
[2024-08-03T12:39:47.510+0000] {taskinstance.py:2905} ERROR - Task failed with exception
Traceback (most recent call last):
  File "/home/airflow/.local/lib/python3.12/site-packages/airflow/models/taskinstance.py", line 465, in _execute_task
    result = _execute_callable(context=context, **execute_callable_kwargs)
             ^^^^^^^^^^^^^^^^^^^^^^^^^^^^^^^^^^^^^^^^^^^^^^^^^^^^^^^^^^^^^
  File "/home/airflow/.local/lib/python3.12/site-packages/airflow/models/taskinstance.py", line 432, in _execute_callable
    return execute_callable(context=context, **execute_callable_kwargs)
           ^^^^^^^^^^^^^^^^^^^^^^^^^^^^^^^^^^^^^^^^^^^^^^^^^^^^^^^^^^^^
  File "/home/airflow/.local/lib/python3.12/site-packages/airflow/models/baseoperator.py", line 401, in wrapper
    return func(self, *args, **kwargs)
           ^^^^^^^^^^^^^^^^^^^^^^^^^^^
  File "/home/airflow/.local/lib/python3.12/site-packages/airflow/operators/python.py", line 235, in execute
    return_value = self.execute_callable()
                   ^^^^^^^^^^^^^^^^^^^^^^^
  File "/home/airflow/.local/lib/python3.12/site-packages/airflow/operators/python.py", line 252, in execute_callable
    return self.python_callable(*self.op_args, **self.op_kwargs)
           ^^^^^^^^^^^^^^^^^^^^^^^^^^^^^^^^^^^^^^^^^^^^^^^^^^^^^
  File "/opt/airflow/dags/fill_tables.py", line 54, in fill_deal_info
    df = spark.read.csv('/opt/airflow/files/deal_info.csv', sep=',', header=True, schema=schema_deal_info)
         ^^^^^^^^^^
  File "/home/airflow/.local/lib/python3.12/site-packages/pyspark/sql/session.py", line 1706, in read
    return DataFrameReader(self)
           ^^^^^^^^^^^^^^^^^^^^^
  File "/home/airflow/.local/lib/python3.12/site-packages/pyspark/sql/readwriter.py", line 70, in __init__
    self._jreader = spark._jsparkSession.read()
                    ^^^^^^^^^^^^^^^^^^^^^^^^^^^
  File "/home/airflow/.local/lib/python3.12/site-packages/py4j/java_gateway.py", line 1321, in __call__
    answer = self.gateway_client.send_command(command)
             ^^^^^^^^^^^^^^^^^^^^^^^^^^^^^^^^^^^^^^^^^
  File "/home/airflow/.local/lib/python3.12/site-packages/py4j/java_gateway.py", line 1038, in send_command
    response = connection.send_command(command)
               ^^^^^^^^^^^^^^^^^^^^^^^^^^^^^^^^
  File "/home/airflow/.local/lib/python3.12/site-packages/py4j/clientserver.py", line 511, in send_command
    answer = smart_decode(self.stream.readline()[:-1])
                          ^^^^^^^^^^^^^^^^^^^^^^
  File "/usr/local/lib/python3.12/socket.py", line 708, in readinto
    return self._sock.recv_into(b)
           ^^^^^^^^^^^^^^^^^^^^^^^
  File "/home/airflow/.local/lib/python3.12/site-packages/airflow/models/taskinstance.py", line 2613, in signal_handler
    raise AirflowTaskTerminated("Task received SIGTERM signal")
airflow.exceptions.AirflowTaskTerminated: Task received SIGTERM signal
[2024-08-03T12:39:47.626+0000] {taskinstance.py:1206} INFO - Marking task as UP_FOR_RETRY. dag_id=fill_tables_on_rd, task_id=Fill_deal_info, run_id=scheduled__2024-08-02T00:00:00+00:00, execution_date=20240802T000000, start_date=20240803T123929, end_date=20240803T123947
[2024-08-03T12:39:48.120+0000] {process_utils.py:80} INFO - Process psutil.Process(pid=374, status='terminated', exitcode=2, started='12:39:28') (374) terminated with exit code 2
[2024-08-03T12:39:48.312+0000] {process_utils.py:80} INFO - Process psutil.Process(pid=402, status='terminated', started='12:39:30') (402) terminated with exit code None
[2024-08-03T12:39:48.315+0000] {local_task_job_runner.py:240} INFO - Task exited with return code 143
[2024-08-03T12:39:48.492+0000] {logging_mixin.py:188} WARNING - /home/***/.local/lib/python3.12/site-packages/***/models/baseoperator.py:1297 AirflowProviderDeprecationWarning: Call to deprecated class PostgresOperator. (Please use `***.providers.common.sql.operators.sql.SQLExecuteQueryOperator`.Also, you can provide `hook_params={'schema': <database>}`.)
[2024-08-03T12:39:48.812+0000] {taskinstance.py:3503} INFO - 0 downstream tasks scheduled from follow-on schedule check
[2024-08-03T12:39:51.601+0000] {local_task_job_runner.py:222} INFO - ::endgroup::
