[2024-08-03T12:47:35.551+0000] {local_task_job_runner.py:120} INFO - ::group::Pre task execution logs
[2024-08-03T12:47:35.618+0000] {taskinstance.py:2076} INFO - Dependencies all met for dep_context=non-requeueable deps ti=<TaskInstance: fill_tables_on_rd.fill_loan_holiday_info manual__2024-08-03T12:47:09.945218+00:00 [queued]>
[2024-08-03T12:47:35.627+0000] {taskinstance.py:2076} INFO - Dependencies all met for dep_context=requeueable deps ti=<TaskInstance: fill_tables_on_rd.fill_loan_holiday_info manual__2024-08-03T12:47:09.945218+00:00 [queued]>
[2024-08-03T12:47:35.629+0000] {taskinstance.py:2306} INFO - Starting attempt 1 of 2
[2024-08-03T12:47:35.641+0000] {taskinstance.py:2330} INFO - Executing <Task(PostgresOperator): fill_loan_holiday_info> on 2024-08-03 12:47:09.945218+00:00
[2024-08-03T12:47:35.648+0000] {standard_task_runner.py:90} INFO - Running: ['***', 'tasks', 'run', 'fill_tables_on_rd', 'fill_loan_holiday_info', 'manual__2024-08-03T12:47:09.945218+00:00', '--job-id', '787', '--raw', '--subdir', 'DAGS_FOLDER/fill_tables.py', '--cfg-path', '/tmp/tmpo47bnyz3']
[2024-08-03T12:47:35.650+0000] {standard_task_runner.py:91} INFO - Job 787: Subtask fill_loan_holiday_info
[2024-08-03T12:47:35.652+0000] {logging_mixin.py:188} WARNING - /home/***/.local/lib/python3.12/site-packages/***/task/task_runner/standard_task_runner.py:61 DeprecationWarning: This process (pid=1372) is multi-threaded, use of fork() may lead to deadlocks in the child.
[2024-08-03T12:47:35.653+0000] {standard_task_runner.py:63} INFO - Started process 1373 to run task
[2024-08-03T12:47:35.691+0000] {task_command.py:426} INFO - Running <TaskInstance: fill_tables_on_rd.fill_loan_holiday_info manual__2024-08-03T12:47:09.945218+00:00 [running]> on host 2634975b7554
[2024-08-03T12:47:35.782+0000] {taskinstance.py:2648} INFO - Exporting env vars: AIRFLOW_CTX_DAG_OWNER='***' AIRFLOW_CTX_DAG_ID='fill_tables_on_rd' AIRFLOW_CTX_TASK_ID='fill_loan_holiday_info' AIRFLOW_CTX_EXECUTION_DATE='2024-08-03T12:47:09.945218+00:00' AIRFLOW_CTX_TRY_NUMBER='1' AIRFLOW_CTX_DAG_RUN_ID='manual__2024-08-03T12:47:09.945218+00:00'
[2024-08-03T12:47:35.783+0000] {taskinstance.py:430} INFO - ::endgroup::
[2024-08-03T12:47:35.794+0000] {sql.py:276} INFO - Executing: 
    call dm.refresh_loan_holiday_info();
    
[2024-08-03T12:47:35.806+0000] {base.py:84} INFO - Using connection ID 'postgres_default2' for task execution.
[2024-08-03T12:47:35.816+0000] {base.py:84} INFO - Using connection ID 'postgres_default2' for task execution.
[2024-08-03T12:47:35.822+0000] {sql.py:487} INFO - Running statement: 
    call dm.refresh_loan_holiday_info();
    , parameters: None
[2024-08-03T12:47:35.874+0000] {taskinstance.py:441} INFO - ::group::Post task execution logs
[2024-08-03T12:47:35.882+0000] {taskinstance.py:1206} INFO - Marking task as SUCCESS. dag_id=fill_tables_on_rd, task_id=fill_loan_holiday_info, run_id=manual__2024-08-03T12:47:09.945218+00:00, execution_date=20240803T124709, start_date=20240803T124735, end_date=20240803T124735
[2024-08-03T12:47:35.908+0000] {local_task_job_runner.py:240} INFO - Task exited with return code 0
[2024-08-03T12:47:35.921+0000] {logging_mixin.py:188} WARNING - /home/***/.local/lib/python3.12/site-packages/***/models/baseoperator.py:1297 AirflowProviderDeprecationWarning: Call to deprecated class PostgresOperator. (Please use `***.providers.common.sql.operators.sql.SQLExecuteQueryOperator`.Also, you can provide `hook_params={'schema': <database>}`.)
[2024-08-03T12:47:35.936+0000] {taskinstance.py:3503} INFO - 1 downstream tasks scheduled from follow-on schedule check
[2024-08-03T12:47:35.938+0000] {local_task_job_runner.py:222} INFO - ::endgroup::
