[2024-08-03T12:45:29.508+0000] {local_task_job_runner.py:120} INFO - ::group::Pre task execution logs
[2024-08-03T12:45:29.581+0000] {taskinstance.py:2076} INFO - Dependencies all met for dep_context=non-requeueable deps ti=<TaskInstance: fill_tables_on_rd.fill_loan_holiday_info scheduled__2024-08-02T00:00:00+00:00 [queued]>
[2024-08-03T12:45:29.611+0000] {taskinstance.py:2076} INFO - Dependencies all met for dep_context=requeueable deps ti=<TaskInstance: fill_tables_on_rd.fill_loan_holiday_info scheduled__2024-08-02T00:00:00+00:00 [queued]>
[2024-08-03T12:45:29.612+0000] {taskinstance.py:2306} INFO - Starting attempt 1 of 2
[2024-08-03T12:45:29.650+0000] {taskinstance.py:2330} INFO - Executing <Task(PostgresOperator): fill_loan_holiday_info> on 2024-08-02 00:00:00+00:00
[2024-08-03T12:45:29.658+0000] {standard_task_runner.py:90} INFO - Running: ['***', 'tasks', 'run', 'fill_tables_on_rd', 'fill_loan_holiday_info', 'scheduled__2024-08-02T00:00:00+00:00', '--job-id', '780', '--raw', '--subdir', 'DAGS_FOLDER/fill_tables.py', '--cfg-path', '/tmp/tmpy6ww7lw9']
[2024-08-03T12:45:29.661+0000] {logging_mixin.py:188} WARNING - /home/***/.local/lib/python3.12/site-packages/***/task/task_runner/standard_task_runner.py:61 DeprecationWarning: This process (pid=960) is multi-threaded, use of fork() may lead to deadlocks in the child.
[2024-08-03T12:45:29.662+0000] {standard_task_runner.py:91} INFO - Job 780: Subtask fill_loan_holiday_info
[2024-08-03T12:45:29.662+0000] {standard_task_runner.py:63} INFO - Started process 967 to run task
[2024-08-03T12:45:29.714+0000] {task_command.py:426} INFO - Running <TaskInstance: fill_tables_on_rd.fill_loan_holiday_info scheduled__2024-08-02T00:00:00+00:00 [running]> on host 2634975b7554
[2024-08-03T12:45:29.842+0000] {taskinstance.py:2648} INFO - Exporting env vars: AIRFLOW_CTX_DAG_OWNER='***' AIRFLOW_CTX_DAG_ID='fill_tables_on_rd' AIRFLOW_CTX_TASK_ID='fill_loan_holiday_info' AIRFLOW_CTX_EXECUTION_DATE='2024-08-02T00:00:00+00:00' AIRFLOW_CTX_TRY_NUMBER='1' AIRFLOW_CTX_DAG_RUN_ID='scheduled__2024-08-02T00:00:00+00:00'
[2024-08-03T12:45:29.843+0000] {taskinstance.py:430} INFO - ::endgroup::
[2024-08-03T12:45:29.889+0000] {sql.py:276} INFO - Executing: 
    call dm.refresh_loan_holiday_info();
    
[2024-08-03T12:45:29.902+0000] {base.py:84} INFO - Using connection ID 'postgres_default2' for task execution.
[2024-08-03T12:45:29.973+0000] {base.py:84} INFO - Using connection ID 'postgres_default2' for task execution.
[2024-08-03T12:45:29.985+0000] {sql.py:487} INFO - Running statement: 
    call dm.refresh_loan_holiday_info();
    , parameters: None
[2024-08-03T12:45:30.398+0000] {taskinstance.py:441} INFO - ::group::Post task execution logs
[2024-08-03T12:45:30.408+0000] {taskinstance.py:1206} INFO - Marking task as SUCCESS. dag_id=fill_tables_on_rd, task_id=fill_loan_holiday_info, run_id=scheduled__2024-08-02T00:00:00+00:00, execution_date=20240802T000000, start_date=20240803T124529, end_date=20240803T124530
[2024-08-03T12:45:30.450+0000] {local_task_job_runner.py:240} INFO - Task exited with return code 0
[2024-08-03T12:45:30.475+0000] {logging_mixin.py:188} WARNING - /home/***/.local/lib/python3.12/site-packages/***/models/baseoperator.py:1297 AirflowProviderDeprecationWarning: Call to deprecated class PostgresOperator. (Please use `***.providers.common.sql.operators.sql.SQLExecuteQueryOperator`.Also, you can provide `hook_params={'schema': <database>}`.)
[2024-08-03T12:45:30.488+0000] {taskinstance.py:3503} INFO - 1 downstream tasks scheduled from follow-on schedule check
[2024-08-03T12:45:30.491+0000] {local_task_job_runner.py:222} INFO - ::endgroup::
