[2024-08-01T20:56:14.378+0000] {local_task_job_runner.py:120} INFO - ::group::Pre task execution logs
[2024-08-01T20:56:14.411+0000] {taskinstance.py:2076} INFO - Dependencies all met for dep_context=non-requeueable deps ti=<TaskInstance: fill_tables_on_rd.fill_loan_holiday_info manual__2024-08-01T20:55:48.000844+00:00 [queued]>
[2024-08-01T20:56:14.424+0000] {taskinstance.py:2076} INFO - Dependencies all met for dep_context=requeueable deps ti=<TaskInstance: fill_tables_on_rd.fill_loan_holiday_info manual__2024-08-01T20:55:48.000844+00:00 [queued]>
[2024-08-01T20:56:14.426+0000] {taskinstance.py:2306} INFO - Starting attempt 1 of 2
[2024-08-01T20:56:14.442+0000] {taskinstance.py:2330} INFO - Executing <Task(PostgresOperator): fill_loan_holiday_info> on 2024-08-01 20:55:48.000844+00:00
[2024-08-01T20:56:14.449+0000] {standard_task_runner.py:90} INFO - Running: ['***', 'tasks', 'run', 'fill_tables_on_rd', 'fill_loan_holiday_info', 'manual__2024-08-01T20:55:48.000844+00:00', '--job-id', '757', '--raw', '--subdir', 'DAGS_FOLDER/fill_tables.py', '--cfg-path', '/tmp/tmp80d8u7_q']
[2024-08-01T20:56:14.452+0000] {standard_task_runner.py:91} INFO - Job 757: Subtask fill_loan_holiday_info
[2024-08-01T20:56:14.452+0000] {logging_mixin.py:188} WARNING - /home/***/.local/lib/python3.12/site-packages/***/task/task_runner/standard_task_runner.py:61 DeprecationWarning: This process (pid=4908) is multi-threaded, use of fork() may lead to deadlocks in the child.
[2024-08-01T20:56:14.454+0000] {standard_task_runner.py:63} INFO - Started process 4909 to run task
[2024-08-01T20:56:14.508+0000] {task_command.py:426} INFO - Running <TaskInstance: fill_tables_on_rd.fill_loan_holiday_info manual__2024-08-01T20:55:48.000844+00:00 [running]> on host 2634975b7554
[2024-08-01T20:56:14.603+0000] {taskinstance.py:2648} INFO - Exporting env vars: AIRFLOW_CTX_DAG_OWNER='***' AIRFLOW_CTX_DAG_ID='fill_tables_on_rd' AIRFLOW_CTX_TASK_ID='fill_loan_holiday_info' AIRFLOW_CTX_EXECUTION_DATE='2024-08-01T20:55:48.000844+00:00' AIRFLOW_CTX_TRY_NUMBER='1' AIRFLOW_CTX_DAG_RUN_ID='manual__2024-08-01T20:55:48.000844+00:00'
[2024-08-01T20:56:14.606+0000] {taskinstance.py:430} INFO - ::endgroup::
[2024-08-01T20:56:14.620+0000] {sql.py:276} INFO - Executing: 
    call dm.refresh_loan_holiday_info();
    
[2024-08-01T20:56:14.630+0000] {base.py:84} INFO - Using connection ID 'postgres_default2' for task execution.
[2024-08-01T20:56:14.641+0000] {base.py:84} INFO - Using connection ID 'postgres_default2' for task execution.
[2024-08-01T20:56:14.647+0000] {sql.py:487} INFO - Running statement: 
    call dm.refresh_loan_holiday_info();
    , parameters: None
[2024-08-01T20:56:14.710+0000] {taskinstance.py:441} INFO - ::group::Post task execution logs
[2024-08-01T20:56:14.728+0000] {taskinstance.py:1206} INFO - Marking task as SUCCESS. dag_id=fill_tables_on_rd, task_id=fill_loan_holiday_info, run_id=manual__2024-08-01T20:55:48.000844+00:00, execution_date=20240801T205548, start_date=20240801T205614, end_date=20240801T205614
[2024-08-01T20:56:14.749+0000] {local_task_job_runner.py:240} INFO - Task exited with return code 0
[2024-08-01T20:56:14.762+0000] {logging_mixin.py:188} WARNING - /home/***/.local/lib/python3.12/site-packages/***/models/baseoperator.py:1297 AirflowProviderDeprecationWarning: Call to deprecated class PostgresOperator. (Please use `***.providers.common.sql.operators.sql.SQLExecuteQueryOperator`.Also, you can provide `hook_params={'schema': <database>}`.)
[2024-08-01T20:56:14.776+0000] {taskinstance.py:3503} INFO - 1 downstream tasks scheduled from follow-on schedule check
[2024-08-01T20:56:14.778+0000] {local_task_job_runner.py:222} INFO - ::endgroup::
