[2024-08-03T12:39:22.387+0000] {local_task_job_runner.py:120} INFO - ::group::Pre task execution logs
[2024-08-03T12:39:22.455+0000] {taskinstance.py:2076} INFO - Dependencies all met for dep_context=non-requeueable deps ti=<TaskInstance: fill_tables_on_rd.fill_loan_holiday_info manual__2024-08-01T20:52:38.257006+00:00 [queued]>
[2024-08-03T12:39:22.471+0000] {taskinstance.py:2076} INFO - Dependencies all met for dep_context=requeueable deps ti=<TaskInstance: fill_tables_on_rd.fill_loan_holiday_info manual__2024-08-01T20:52:38.257006+00:00 [queued]>
[2024-08-03T12:39:22.474+0000] {taskinstance.py:2306} INFO - Starting attempt 2 of 2
[2024-08-03T12:39:22.517+0000] {taskinstance.py:2330} INFO - Executing <Task(PostgresOperator): fill_loan_holiday_info> on 2024-08-01 20:52:38.257006+00:00
[2024-08-03T12:39:22.539+0000] {logging_mixin.py:188} WARNING - /home/***/.local/lib/python3.12/site-packages/***/task/task_runner/standard_task_runner.py:61 DeprecationWarning: This process (pid=190) is multi-threaded, use of fork() may lead to deadlocks in the child.
[2024-08-03T12:39:22.541+0000] {standard_task_runner.py:63} INFO - Started process 199 to run task
[2024-08-03T12:39:22.538+0000] {standard_task_runner.py:90} INFO - Running: ['***', 'tasks', 'run', 'fill_tables_on_rd', 'fill_loan_holiday_info', 'manual__2024-08-01T20:52:38.257006+00:00', '--job-id', '763', '--raw', '--subdir', 'DAGS_FOLDER/fill_tables.py', '--cfg-path', '/tmp/tmpw6rkzbl9']
[2024-08-03T12:39:22.544+0000] {standard_task_runner.py:91} INFO - Job 763: Subtask fill_loan_holiday_info
[2024-08-03T12:39:22.656+0000] {task_command.py:426} INFO - Running <TaskInstance: fill_tables_on_rd.fill_loan_holiday_info manual__2024-08-01T20:52:38.257006+00:00 [running]> on host 2634975b7554
[2024-08-03T12:39:22.826+0000] {taskinstance.py:2648} INFO - Exporting env vars: AIRFLOW_CTX_DAG_OWNER='***' AIRFLOW_CTX_DAG_ID='fill_tables_on_rd' AIRFLOW_CTX_TASK_ID='fill_loan_holiday_info' AIRFLOW_CTX_EXECUTION_DATE='2024-08-01T20:52:38.257006+00:00' AIRFLOW_CTX_TRY_NUMBER='2' AIRFLOW_CTX_DAG_RUN_ID='manual__2024-08-01T20:52:38.257006+00:00'
[2024-08-03T12:39:22.827+0000] {taskinstance.py:430} INFO - ::endgroup::
[2024-08-03T12:39:22.885+0000] {sql.py:276} INFO - Executing: 
    call dm.refresh_loan_holiday_info();
    
[2024-08-03T12:39:22.901+0000] {base.py:84} INFO - Using connection ID 'postgres_default2' for task execution.
[2024-08-03T12:39:22.914+0000] {base.py:84} INFO - Using connection ID 'postgres_default2' for task execution.
[2024-08-03T12:39:22.935+0000] {sql.py:487} INFO - Running statement: 
    call dm.refresh_loan_holiday_info();
    , parameters: None
[2024-08-03T12:39:23.172+0000] {taskinstance.py:441} INFO - ::group::Post task execution logs
[2024-08-03T12:39:23.194+0000] {taskinstance.py:1206} INFO - Marking task as SUCCESS. dag_id=fill_tables_on_rd, task_id=fill_loan_holiday_info, run_id=manual__2024-08-01T20:52:38.257006+00:00, execution_date=20240801T205238, start_date=20240803T123922, end_date=20240803T123923
[2024-08-03T12:39:23.247+0000] {local_task_job_runner.py:240} INFO - Task exited with return code 0
[2024-08-03T12:39:23.262+0000] {logging_mixin.py:188} WARNING - /home/***/.local/lib/python3.12/site-packages/***/models/baseoperator.py:1297 AirflowProviderDeprecationWarning: Call to deprecated class PostgresOperator. (Please use `***.providers.common.sql.operators.sql.SQLExecuteQueryOperator`.Also, you can provide `hook_params={'schema': <database>}`.)
[2024-08-03T12:39:23.275+0000] {taskinstance.py:3503} INFO - 1 downstream tasks scheduled from follow-on schedule check
[2024-08-03T12:39:23.278+0000] {local_task_job_runner.py:222} INFO - ::endgroup::
